2022-06-21 14:06:16,864 DEBUG Horse: Создание Horse, имя [Буцефал], скорость [2.4]
2022-06-21 14:06:16,866 DEBUG Horse: Создание Horse, имя [Туз Пик], скорость [2.5]
2022-06-21 14:06:16,867 DEBUG Horse: Создание Horse, имя [Зефир], скорость [2.6]
2022-06-21 14:06:16,867 DEBUG Horse: Создание Horse, имя [Пожар], скорость [2.7]
2022-06-21 14:06:16,867 DEBUG Horse: Создание Horse, имя [Лобстер], скорость [2.8]
2022-06-21 14:06:16,867 DEBUG Horse: Создание Horse, имя [Пегас], скорость [2.9]
2022-06-21 14:06:16,867 DEBUG Horse: Создание Horse, имя [Вишня], скорость [3.0]
2022-06-21 14:06:16,868 DEBUG Hippodrome: Создание Hippodrome, лошадей [7]
2022-06-21 14:06:16,868 INFO  Main: Начало скачек. Количество участников: 7
2022-06-21 14:06:37,218 INFO  Main: Окончание скачек. Победитель: Вишня
2022-06-21 14:10:15,929 DEBUG Horse: Создание Horse, имя [Буцефал], скорость [2.4]
2022-06-21 14:10:15,931 DEBUG Horse: Создание Horse, имя [Туз Пик], скорость [2.5]
2022-06-21 14:10:15,931 DEBUG Horse: Создание Horse, имя [Зефир], скорость [2.6]
2022-06-21 14:10:15,931 DEBUG Horse: Создание Horse, имя [Пожар], скорость [2.7]
2022-06-21 14:10:15,931 DEBUG Horse: Создание Horse, имя [Лобстер], скорость [2.8]
2022-06-21 14:10:15,931 DEBUG Horse: Создание Horse, имя [Пегас], скорость [2.9]
2022-06-21 14:10:15,931 DEBUG Horse: Создание Horse, имя [Вишня], скорость [3.0]
2022-06-21 14:10:15,931 DEBUG Hippodrome: Создание Hippodrome, лошадей [7]
2022-06-21 14:10:15,931 INFO  Main: Начало скачек. Количество участников: 7
2022-06-21 14:10:36,198 INFO  Main: Окончание скачек. Победитель: Вишня
2022-06-21 14:13:13,286 DEBUG Horse: Создание Horse, имя [Буцефал], скорость [2.4]
2022-06-21 14:13:13,288 DEBUG Horse: Создание Horse, имя [Туз Пик], скорость [2.5]
2022-06-21 14:13:13,288 DEBUG Horse: Создание Horse, имя [Зефир], скорость [2.6]
2022-06-21 14:13:13,288 DEBUG Horse: Создание Horse, имя [Пожар], скорость [2.7]
2022-06-21 14:13:13,288 DEBUG Horse: Создание Horse, имя [Лобстер], скорость [2.8]
2022-06-21 14:13:13,288 DEBUG Horse: Создание Horse, имя [Пегас], скорость [2.9]
2022-06-21 14:13:13,288 DEBUG Horse: Создание Horse, имя [Вишня], скорость [3.0]
2022-06-21 14:13:13,289 DEBUG Hippodrome: Создание Hippodrome, лошадей [7]
2022-06-21 14:13:13,289 INFO  Main: Начало скачек. Количество участников: 7
2022-06-21 14:13:23,441 DEBUG Horse: Создание Horse, имя [Буцефал], скорость [2.4]
2022-06-21 14:13:23,443 DEBUG Horse: Создание Horse, имя [Туз Пик], скорость [2.5]
2022-06-21 14:13:23,443 DEBUG Horse: Создание Horse, имя [Зефир], скорость [2.6]
2022-06-21 14:13:23,443 DEBUG Horse: Создание Horse, имя [Пожар], скорость [2.7]
2022-06-21 14:13:23,443 DEBUG Horse: Создание Horse, имя [Лобстер], скорость [2.8]
2022-06-21 14:13:23,443 DEBUG Horse: Создание Horse, имя [Пегас], скорость [2.9]
2022-06-21 14:13:23,443 DEBUG Horse: Создание Horse, имя [Вишня], скорость [3.0]
2022-06-21 14:13:23,444 DEBUG Hippodrome: Создание Hippodrome, лошадей [7]
2022-06-21 14:13:23,444 INFO  Main: Начало скачек. Количество участников: 7
2022-06-21 14:13:43,823 INFO  Main: Окончание скачек. Победитель: Вишня
2022-06-21 14:14:23,877 DEBUG Horse: Создание Horse, имя [HorseName], скорость [2.0]
2022-06-21 14:14:23,879 DEBUG Horse: Создание Horse, имя [HorseName], скорость [2.0]
2022-06-21 14:14:23,908 ERROR Horse: Name is blank
2022-06-21 14:14:23,913 ERROR Horse: Name is blank
2022-06-21 14:14:23,915 ERROR Horse: Name is blank
2022-06-21 14:14:24,533 DEBUG Horse: Создание Horse, имя [test], скорость [2.0]
2022-06-21 14:14:24,541 DEBUG Horse: Создание Horse, имя [test], скорость [2.0]
2022-06-21 14:14:24,545 DEBUG Horse: Создание Horse, имя [test], скорость [2.0]
2022-06-21 14:14:24,552 ERROR Horse: Distance is negative
2022-06-21 14:14:24,555 DEBUG Horse: Создание Horse, имя [test], скорость [2.0]
2022-06-21 14:14:24,565 ERROR Horse: Speed is negative
2022-06-21 14:14:24,567 ERROR Horse: Name is null
2022-06-21 14:14:24,609 DEBUG Horse: Создание Horse, имя [Horse0], скорость [0.0]
2022-06-21 14:14:24,609 DEBUG Horse: Создание Horse, имя [Horse1], скорость [1.0]
2022-06-21 14:14:24,609 DEBUG Horse: Создание Horse, имя [Horse2], скорость [2.0]
2022-06-21 14:14:24,610 DEBUG Horse: Создание Horse, имя [Horse3], скорость [3.0]
2022-06-21 14:14:24,610 DEBUG Horse: Создание Horse, имя [Horse4], скорость [4.0]
2022-06-21 14:14:24,610 DEBUG Horse: Создание Horse, имя [Horse5], скорость [5.0]
2022-06-21 14:14:24,610 DEBUG Horse: Создание Horse, имя [Horse6], скорость [6.0]
2022-06-21 14:14:24,610 DEBUG Horse: Создание Horse, имя [Horse7], скорость [7.0]
2022-06-21 14:14:24,610 DEBUG Horse: Создание Horse, имя [Horse8], скорость [8.0]
2022-06-21 14:14:24,610 DEBUG Horse: Создание Horse, имя [Horse9], скорость [9.0]
2022-06-21 14:14:24,610 DEBUG Horse: Создание Horse, имя [Horse10], скорость [10.0]
2022-06-21 14:14:24,610 DEBUG Horse: Создание Horse, имя [Horse11], скорость [11.0]
2022-06-21 14:14:24,610 DEBUG Horse: Создание Horse, имя [Horse12], скорость [12.0]
2022-06-21 14:14:24,610 DEBUG Horse: Создание Horse, имя [Horse13], скорость [13.0]
2022-06-21 14:14:24,610 DEBUG Horse: Создание Horse, имя [Horse14], скорость [14.0]
2022-06-21 14:14:24,610 DEBUG Horse: Создание Horse, имя [Horse15], скорость [15.0]
2022-06-21 14:14:24,611 DEBUG Horse: Создание Horse, имя [Horse16], скорость [16.0]
2022-06-21 14:14:24,611 DEBUG Horse: Создание Horse, имя [Horse17], скорость [17.0]
2022-06-21 14:14:24,611 DEBUG Horse: Создание Horse, имя [Horse18], скорость [18.0]
2022-06-21 14:14:24,611 DEBUG Horse: Создание Horse, имя [Horse19], скорость [19.0]
2022-06-21 14:14:24,611 DEBUG Horse: Создание Horse, имя [Horse20], скорость [20.0]
2022-06-21 14:14:24,611 DEBUG Horse: Создание Horse, имя [Horse21], скорость [21.0]
2022-06-21 14:14:24,611 DEBUG Horse: Создание Horse, имя [Horse22], скорость [22.0]
2022-06-21 14:14:24,611 DEBUG Horse: Создание Horse, имя [Horse23], скорость [23.0]
2022-06-21 14:14:24,611 DEBUG Horse: Создание Horse, имя [Horse24], скорость [24.0]
2022-06-21 14:14:24,612 DEBUG Horse: Создание Horse, имя [Horse25], скорость [25.0]
2022-06-21 14:14:24,612 DEBUG Horse: Создание Horse, имя [Horse26], скорость [26.0]
2022-06-21 14:14:24,612 DEBUG Horse: Создание Horse, имя [Horse27], скорость [27.0]
2022-06-21 14:14:24,612 DEBUG Horse: Создание Horse, имя [Horse28], скорость [28.0]
2022-06-21 14:14:24,612 DEBUG Horse: Создание Horse, имя [Horse29], скорость [29.0]
2022-06-21 14:14:24,612 DEBUG Hippodrome: Создание Hippodrome, лошадей [30]
2022-06-21 14:14:24,614 ERROR Hippodrome: Horses list is empty
2022-06-21 14:14:24,616 DEBUG Hippodrome: Создание Hippodrome, лошадей [50]
2022-06-21 14:14:24,630 ERROR Hippodrome: Horses list is null
